\BOOKMARK [1][-]{section*.1}{\376\377\000A\000b\000s\000t\000r\000a\000c\000t}{}% 1
\BOOKMARK [1][-]{section*.2}{\376\377\000W\000h\000o\000\040\000N\000e\000e\000d\000s\000\040\000P\000r\000i\000v\000a\000c\000y\000?}{}% 2
\BOOKMARK [2][-]{section*.3}{\376\377\000T\000h\000e\000\040\000N\000e\000e\000d\000\040\000f\000o\000r\000\040\000P\000r\000i\000v\000a\000c\000y}{section*.2}% 3
\BOOKMARK [2][-]{section*.4}{\376\377\000P\000r\000e\000d\000i\000c\000t\000i\000n\000g\000\040\000t\000h\000e\000\040\000N\000e\000e\000d\000\040\000f\000o\000r\000\040\000P\000r\000i\000v\000a\000c\000y}{section*.2}% 4
\BOOKMARK [3][-]{section*.5}{\376\377\000S\000o\000c\000i\000a\000b\000i\000l\000i\000t\000y}{section*.4}% 5
\BOOKMARK [3][-]{section*.6}{\376\377\000I\000n\000t\000e\000g\000r\000i\000t\000y}{section*.4}% 6
\BOOKMARK [3][-]{section*.7}{\376\377\000A\000n\000x\000i\000e\000t\000y}{section*.4}% 7
\BOOKMARK [3][-]{section*.8}{\376\377\000R\000i\000s\000k\000\040\000a\000v\000e\000r\000s\000i\000o\000n}{section*.4}% 8
\BOOKMARK [3][-]{section*.9}{\376\377\000T\000r\000a\000d\000i\000t\000i\000o\000n\000a\000l\000i\000t\000y}{section*.4}% 9
\BOOKMARK [3][-]{section*.10}{\376\377\000S\000o\000c\000i\000o\000-\000d\000e\000m\000o\000g\000r\000a\000p\000h\000i\000c\000\040\000v\000a\000r\000i\000a\000b\000l\000e\000s}{section*.4}% 10
\BOOKMARK [1][-]{section*.11}{\376\377\000M\000e\000t\000h\000o\000d\000s}{}% 11
\BOOKMARK [2][-]{section*.12}{\376\377\000S\000a\000m\000p\000l\000e}{section*.11}% 12
\BOOKMARK [2][-]{section*.13}{\376\377\000D\000a\000t\000a\000\040\000A\000n\000a\000l\000y\000s\000e\000s}{section*.11}% 13
\BOOKMARK [2][-]{section*.14}{\376\377\000M\000e\000a\000s\000u\000r\000e\000s}{section*.11}% 14
\BOOKMARK [3][-]{section*.17}{\376\377\000N\000e\000e\000d\000\040\000f\000o\000r\000\040\000p\000r\000i\000v\000a\000c\000y}{section*.14}% 15
\BOOKMARK [3][-]{section*.19}{\376\377\000S\000o\000c\000i\000a\000b\000i\000l\000i\000t\000y}{section*.14}% 16
\BOOKMARK [3][-]{section*.20}{\376\377\000I\000n\000t\000e\000g\000r\000i\000t\000y}{section*.14}% 17
\BOOKMARK [3][-]{section*.21}{\376\377\000A\000n\000x\000i\000e\000t\000y}{section*.14}% 18
\BOOKMARK [3][-]{section*.22}{\376\377\000R\000i\000s\000k\000\040\000a\000v\000o\000i\000d\000a\000n\000c\000e}{section*.14}% 19
\BOOKMARK [3][-]{section*.23}{\376\377\000T\000r\000a\000d\000i\000t\000i\000o\000n\000a\000l\000i\000s\000m}{section*.14}% 20
\BOOKMARK [1][-]{section*.24}{\376\377\000R\000e\000s\000u\000l\000t\000s}{}% 21
\BOOKMARK [1][-]{section*.29}{\376\377\000D\000i\000s\000c\000u\000s\000s\000i\000o\000n}{}% 22
\BOOKMARK [2][-]{section*.30}{\376\377\000L\000i\000m\000i\000t\000a\000t\000i\000o\000n\000s\000\040\000a\000n\000d\000\040\000F\000u\000t\000u\000r\000e\000\040\000R\000e\000s\000e\000a\000r\000c\000h}{section*.29}% 23
\BOOKMARK [2][-]{section*.31}{\376\377\000C\000o\000n\000c\000l\000u\000s\000i\000o\000n}{section*.29}% 24
\BOOKMARK [1][-]{section*.32}{\376\377\000R\000e\000f\000e\000r\000e\000n\000c\000e\000s}{}% 25
\BOOKMARK [1][-]{section*.33}{\376\377\000C\000o\000n\000t\000r\000i\000b\000u\000t\000i\000o\000n\000s}{}% 26
\BOOKMARK [1][-]{section*.34}{\376\377\000F\000u\000n\000d\000i\000n\000g\000\040\000I\000n\000f\000o\000r\000m\000a\000t\000i\000o\000n}{}% 27
\BOOKMARK [1][-]{section*.35}{\376\377\000C\000o\000m\000p\000e\000t\000i\000n\000g\000\040\000I\000n\000t\000e\000r\000e\000s\000t\000s}{}% 28
\BOOKMARK [1][-]{section*.36}{\376\377\000D\000a\000t\000a\000\040\000A\000c\000c\000e\000s\000s\000i\000b\000i\000l\000i\000t\000y\000\040\000S\000t\000a\000t\000e\000m\000e\000n\000t}{}% 29
